<?xml version="1.0" encoding="UTF-8"?>
<testsuite xmlns:xsi="http://www.w3.org/2001/XMLSchema-instance" xsi:schemaLocation="https://maven.apache.org/surefire/maven-surefire-plugin/xsd/surefire-test-report.xsd" name="com.orcatrak.persistence.CustomerTest" time="0.435" tests="2" errors="0" skipped="0" failures="1">
  <properties>
[...]
</properties>
  <testcase name="shouldRaiseConstraintViolationCauseInvalidZipcode" classname="com.orcatrak.persistence.CustomerTest" time="0.126">
    <failure message="expected:&lt;1&gt; but was:&lt;0&gt;" type="java.lang.AssertionError"><![CDATA[java.lang.AssertionError: expected:<1> but was:<0>
	at com.orcatrak.persistence.CustomerTest.shouldRaiseConstraintViolationCauseInvalidZipcode(CustomerTest.java:49)
]]></failure>
    <system-err><![CDATA[Sep 30, 2016 11:50:46 PM org.hibernate.validator.internal.util.Version <clinit>
INFO: HV000001: Hibernate Validator 5.3.0.CR1
]]></system-err>
  </testcase>
  <testcase name="shouldRaiseNoConstraintViolation" classname="com.orcatrak.persistence.CustomerTest" time="0"/>
</testsuite>